<?xml version="1.0" encoding="UTF-8"?>
<testsuites>
	<testsuite tests="2" errors="0" failures="2" time="0.012" timestamp="2016-02-14T23:30:27">
		<testcase classname="MadLib" name="should replace verbs" time="0.006">
			<failure type="" message="TypeError: undefined is not a constructor (evaluating &amp;apos;verbs.includes(expectedVerb)&amp;apos;) in file:///Users/shmuli/Development/code/js-ajax-callbacks-lab-v-000/spec/mad_lib_spec.js (line 16)">
	at file:///Users/shmuli/Development/code/js-ajax-callbacks-lab-v-000/spec/mad_lib_spec.js:16:26
	at attemptSync (file:///Users/shmuli/.rvm/gems/ruby-2.2.3/gems/learn-test-1.2.25/lib/learn_test/jasmine/jasmine.js:1510:16)
	at run (file:///Users/shmuli/.rvm/gems/ruby-2.2.3/gems/learn-test-1.2.25/lib/learn_test/jasmine/jasmine.js:1498:20)
	at execute (file:///Users/shmuli/.rvm/gems/ruby-2.2.3/gems/learn-test-1.2.25/lib/learn_test/jasmine/jasmine.js:1485:13)
	at queueRunnerFactory (file:///Users/shmuli/.rvm/gems/ruby-2.2.3/gems/learn-test-1.2.25/lib/learn_test/jasmine/jasmine.js:518:42)
	at execute (file:///Users/shmuli/.rvm/gems/ruby-2.2.3/gems/learn-test-1.2.25/lib/learn_test/jasmine/jasmine.js:306:28)
	at file:///Users/shmuli/.rvm/gems/ruby-2.2.3/gems/learn-test-1.2.25/lib/learn_test/jasmine/jasmine.js:1708:44
	at attemptAsync (file:///Users/shmuli/.rvm/gems/ruby-2.2.3/gems/learn-test-1.2.25/lib/learn_test/jasmine/jasmine.js:1520:16)
	at run (file:///Users/shmuli/.rvm/gems/ruby-2.2.3/gems/learn-test-1.2.25/lib/learn_test/jasmine/jasmine.js:1496:28)
	at execute (file:///Users/shmuli/.rvm/gems/ruby-2.2.3/gems/learn-test-1.2.25/lib/learn_test/jasmine/jasmine.js:1485:13)
	at queueRunnerFactory (file:///Users/shmuli/.rvm/gems/ruby-2.2.3/gems/learn-test-1.2.25/lib/learn_test/jasmine/jasmine.js:518:42)
	at execute (file:///Users/shmuli/.rvm/gems/ruby-2.2.3/gems/learn-test-1.2.25/lib/learn_test/jasmine/jasmine.js:1694:21)
	at file:///Users/shmuli/.rvm/gems/ruby-2.2.3/gems/learn-test-1.2.25/lib/learn_test/jasmine/jasmine.js:1708:44
	at attemptAsync (file:///Users/shmuli/.rvm/gems/ruby-2.2.3/gems/learn-test-1.2.25/lib/learn_test/jasmine/jasmine.js:1520:16)
	at run (file:///Users/shmuli/.rvm/gems/ruby-2.2.3/gems/learn-test-1.2.25/lib/learn_test/jasmine/jasmine.js:1496:28)
	at execute (file:///Users/shmuli/.rvm/gems/ruby-2.2.3/gems/learn-test-1.2.25/lib/learn_test/jasmine/jasmine.js:1485:13)
	at queueRunnerFactory (file:///Users/shmuli/.rvm/gems/ruby-2.2.3/gems/learn-test-1.2.25/lib/learn_test/jasmine/jasmine.js:518:42)
	at execute (file:///Users/shmuli/.rvm/gems/ruby-2.2.3/gems/learn-test-1.2.25/lib/learn_test/jasmine/jasmine.js:1694:21)
	at file:///Users/shmuli/.rvm/gems/ruby-2.2.3/gems/learn-test-1.2.25/lib/learn_test/jasmine/jasmine.js:541:83
	at attemptAsync (file:///Users/shmuli/.rvm/gems/ruby-2.2.3/gems/learn-test-1.2.25/lib/learn_test/jasmine/jasmine.js:1520:16)
	at run (file:///Users/shmuli/.rvm/gems/ruby-2.2.3/gems/learn-test-1.2.25/lib/learn_test/jasmine/jasmine.js:1496:28)
	at execute (file:///Users/shmuli/.rvm/gems/ruby-2.2.3/gems/learn-test-1.2.25/lib/learn_test/jasmine/jasmine.js:1485:13)
	at queueRunnerFactory (file:///Users/shmuli/.rvm/gems/ruby-2.2.3/gems/learn-test-1.2.25/lib/learn_test/jasmine/jasmine.js:518:42)
	at execute (file:///Users/shmuli/.rvm/gems/ruby-2.2.3/gems/learn-test-1.2.25/lib/learn_test/jasmine/jasmine.js:548:25)
	at onload (file:///Users/shmuli/.rvm/gems/ruby-2.2.3/gems/learn-test-1.2.25/lib/learn_test/jasmine/boot.js:172:16)			</failure>
		</testcase>
		<testcase classname="MadLib" name="should replace nouns" time="0.002">
			<failure type="" message="TypeError: undefined is not a constructor (evaluating &amp;apos;nouns.includes(expectedNoun)&amp;apos;) in file:///Users/shmuli/Development/code/js-ajax-callbacks-lab-v-000/spec/mad_lib_spec.js (line 30)">
	at file:///Users/shmuli/Development/code/js-ajax-callbacks-lab-v-000/spec/mad_lib_spec.js:30:26
	at attemptSync (file:///Users/shmuli/.rvm/gems/ruby-2.2.3/gems/learn-test-1.2.25/lib/learn_test/jasmine/jasmine.js:1510:16)
	at run (file:///Users/shmuli/.rvm/gems/ruby-2.2.3/gems/learn-test-1.2.25/lib/learn_test/jasmine/jasmine.js:1498:20)
	at execute (file:///Users/shmuli/.rvm/gems/ruby-2.2.3/gems/learn-test-1.2.25/lib/learn_test/jasmine/jasmine.js:1485:13)
	at queueRunnerFactory (file:///Users/shmuli/.rvm/gems/ruby-2.2.3/gems/learn-test-1.2.25/lib/learn_test/jasmine/jasmine.js:518:42)
	at execute (file:///Users/shmuli/.rvm/gems/ruby-2.2.3/gems/learn-test-1.2.25/lib/learn_test/jasmine/jasmine.js:306:28)
	at file:///Users/shmuli/.rvm/gems/ruby-2.2.3/gems/learn-test-1.2.25/lib/learn_test/jasmine/jasmine.js:1708:44
	at attemptAsync (file:///Users/shmuli/.rvm/gems/ruby-2.2.3/gems/learn-test-1.2.25/lib/learn_test/jasmine/jasmine.js:1520:16)
	at run (file:///Users/shmuli/.rvm/gems/ruby-2.2.3/gems/learn-test-1.2.25/lib/learn_test/jasmine/jasmine.js:1496:28)
	at next (file:///Users/shmuli/.rvm/gems/ruby-2.2.3/gems/learn-test-1.2.25/lib/learn_test/jasmine/jasmine.js:1517:40)
	at complete (file:///Users/shmuli/.rvm/gems/ruby-2.2.3/gems/learn-test-1.2.25/lib/learn_test/jasmine/jasmine.js:333:19)
	at clearStack (file:///Users/shmuli/.rvm/gems/ruby-2.2.3/gems/learn-test-1.2.25/lib/learn_test/jasmine/jasmine.js:506:11)
	at run (file:///Users/shmuli/.rvm/gems/ruby-2.2.3/gems/learn-test-1.2.25/lib/learn_test/jasmine/jasmine.js:1505:22)
	at execute (file:///Users/shmuli/.rvm/gems/ruby-2.2.3/gems/learn-test-1.2.25/lib/learn_test/jasmine/jasmine.js:1485:13)
	at queueRunnerFactory (file:///Users/shmuli/.rvm/gems/ruby-2.2.3/gems/learn-test-1.2.25/lib/learn_test/jasmine/jasmine.js:518:42)
	at execute (file:///Users/shmuli/.rvm/gems/ruby-2.2.3/gems/learn-test-1.2.25/lib/learn_test/jasmine/jasmine.js:306:28)
	at file:///Users/shmuli/.rvm/gems/ruby-2.2.3/gems/learn-test-1.2.25/lib/learn_test/jasmine/jasmine.js:1708:44
	at attemptAsync (file:///Users/shmuli/.rvm/gems/ruby-2.2.3/gems/learn-test-1.2.25/lib/learn_test/jasmine/jasmine.js:1520:16)
	at run (file:///Users/shmuli/.rvm/gems/ruby-2.2.3/gems/learn-test-1.2.25/lib/learn_test/jasmine/jasmine.js:1496:28)
	at execute (file:///Users/shmuli/.rvm/gems/ruby-2.2.3/gems/learn-test-1.2.25/lib/learn_test/jasmine/jasmine.js:1485:13)
	at queueRunnerFactory (file:///Users/shmuli/.rvm/gems/ruby-2.2.3/gems/learn-test-1.2.25/lib/learn_test/jasmine/jasmine.js:518:42)
	at execute (file:///Users/shmuli/.rvm/gems/ruby-2.2.3/gems/learn-test-1.2.25/lib/learn_test/jasmine/jasmine.js:1694:21)
	at file:///Users/shmuli/.rvm/gems/ruby-2.2.3/gems/learn-test-1.2.25/lib/learn_test/jasmine/jasmine.js:1708:44
	at attemptAsync (file:///Users/shmuli/.rvm/gems/ruby-2.2.3/gems/learn-test-1.2.25/lib/learn_test/jasmine/jasmine.js:1520:16)
	at run (file:///Users/shmuli/.rvm/gems/ruby-2.2.3/gems/learn-test-1.2.25/lib/learn_test/jasmine/jasmine.js:1496:28)
	at execute (file:///Users/shmuli/.rvm/gems/ruby-2.2.3/gems/learn-test-1.2.25/lib/learn_test/jasmine/jasmine.js:1485:13)
	at queueRunnerFactory (file:///Users/shmuli/.rvm/gems/ruby-2.2.3/gems/learn-test-1.2.25/lib/learn_test/jasmine/jasmine.js:518:42)
	at execute (file:///Users/shmuli/.rvm/gems/ruby-2.2.3/gems/learn-test-1.2.25/lib/learn_test/jasmine/jasmine.js:1694:21)
	at file:///Users/shmuli/.rvm/gems/ruby-2.2.3/gems/learn-test-1.2.25/lib/learn_test/jasmine/jasmine.js:541:83
	at attemptAsync (file:///Users/shmuli/.rvm/gems/ruby-2.2.3/gems/learn-test-1.2.25/lib/learn_test/jasmine/jasmine.js:1520:16)
	at run (file:///Users/shmuli/.rvm/gems/ruby-2.2.3/gems/learn-test-1.2.25/lib/learn_test/jasmine/jasmine.js:1496:28)
	at execute (file:///Users/shmuli/.rvm/gems/ruby-2.2.3/gems/learn-test-1.2.25/lib/learn_test/jasmine/jasmine.js:1485:13)
	at queueRunnerFactory (file:///Users/shmuli/.rvm/gems/ruby-2.2.3/gems/learn-test-1.2.25/lib/learn_test/jasmine/jasmine.js:518:42)
	at execute (file:///Users/shmuli/.rvm/gems/ruby-2.2.3/gems/learn-test-1.2.25/lib/learn_test/jasmine/jasmine.js:548:25)
	at onload (file:///Users/shmuli/.rvm/gems/ruby-2.2.3/gems/learn-test-1.2.25/lib/learn_test/jasmine/boot.js:172:16)			</failure>
		</testcase>
	</testsuite>
</testsuites>

